<?xml version="1.0" encoding="UTF-8"?>
<!-- Generated by org.testng.reporters.JUnitXMLReporter -->
<testsuite ignored="0" hostname="vishnuekkar" failures="0" tests="3" name="Default test" time="37.595" errors="0" timestamp="2021-12-12T15:21:48 IST">
  <testcase classname="com.kite.testcases.LoginPageTest" name="validateLoginPageTitleTest" time="0.119"/>
  <testcase classname="com.kite.testcases.LoginPageTest" name="validateKiteLogoTest" time="0.217"/>
  <testcase classname="com.kite.testcases.LoginPageTest" name="loginTest" time="0.571"/>
</testsuite> <!-- Default test -->
