<?xml version="1.0" encoding="UTF-8"?>
<!-- Generated by org.testng.reporters.JUnitXMLReporter -->
<testsuite ignored="1" hostname="vishnuekkar" failures="0" tests="2" name="Command line test" time="10.891" errors="0" timestamp="2021-12-15T10:19:26 IST">
  <testcase classname="com.kite.testcases.LoginPageTest" name="loginTest" time="0.289"/>
  <testcase classname="com.kite.testcases.PinPageTest" name="pinEnterTest" time="0.302"/>
  <testcase classname="com.kite.base.BaseClass" name="@BeforeTest loadConfig" time="0.0">
    <ignored/>
  </testcase> <!-- @BeforeTest loadConfig -->
</testsuite> <!-- Command line test -->
