<?xml version="1.0" encoding="UTF-8"?>
<!-- Generated by org.testng.reporters.JUnitXMLReporter -->
<testsuite ignored="0" hostname="vishnuekkar" failures="0" tests="3" name="Command line test" time="26.785" errors="0" timestamp="2021-12-12T15:24:09 IST">
  <testcase classname="com.kite.testcases.LoginPageTest" name="validateLoginPageTitleTest" time="0.013"/>
  <testcase classname="com.kite.testcases.LoginPageTest" name="validateKiteLogoTest" time="0.054"/>
  <testcase classname="com.kite.testcases.LoginPageTest" name="loginTest" time="0.241"/>
</testsuite> <!-- Command line test -->
