<?xml version="1.0" encoding="UTF-8"?>
<testng-results ignored="0" total="3" passed="3" failed="0" skipped="0">
  <reporter-output>
  </reporter-output>
  <suite started-at="2021-12-12T15:23:42 IST" name="com.kite.testcases.LoginPageTest" finished-at="2021-12-12T15:24:09 IST" duration-ms="26785">
    <groups>
    </groups>
    <test started-at="2021-12-12T15:23:42 IST" name="Command line test" finished-at="2021-12-12T15:24:09 IST" duration-ms="26785">
      <class name="com.kite.testcases.LoginPageTest">
        <test-method is-config="true" signature="loadConfig()[pri:0, instance:com.kite.testcases.LoginPageTest@f0f2775]" started-at="2021-12-12T15:23:42 IST" name="loadConfig" finished-at="2021-12-12T15:23:42 IST" duration-ms="9" status="PASS">
          <reporter-output>
          </reporter-output>
        </test-method> <!-- loadConfig -->
        <test-method is-config="true" signature="setup()[pri:0, instance:com.kite.testcases.LoginPageTest@f0f2775]" started-at="2021-12-12T15:23:42 IST" name="setup" finished-at="2021-12-12T15:23:50 IST" duration-ms="7949" status="PASS">
          <reporter-output>
          </reporter-output>
        </test-method> <!-- setup -->
        <test-method signature="validateLoginPageTitleTest()[pri:1, instance:com.kite.testcases.LoginPageTest@f0f2775]" started-at="2021-12-12T15:23:50 IST" name="validateLoginPageTitleTest" finished-at="2021-12-12T15:23:50 IST" duration-ms="13" status="PASS">
          <reporter-output>
          </reporter-output>
        </test-method> <!-- validateLoginPageTitleTest -->
        <test-method is-config="true" signature="tearDown()[pri:0, instance:com.kite.testcases.LoginPageTest@f0f2775]" started-at="2021-12-12T15:23:50 IST" name="tearDown" finished-at="2021-12-12T15:23:52 IST" duration-ms="1712" status="PASS">
          <reporter-output>
          </reporter-output>
        </test-method> <!-- tearDown -->
        <test-method is-config="true" signature="setup()[pri:0, instance:com.kite.testcases.LoginPageTest@f0f2775]" started-at="2021-12-12T15:23:52 IST" name="setup" finished-at="2021-12-12T15:23:59 IST" duration-ms="6709" status="PASS">
          <reporter-output>
          </reporter-output>
        </test-method> <!-- setup -->
        <test-method signature="validateKiteLogoTest()[pri:2, instance:com.kite.testcases.LoginPageTest@f0f2775]" started-at="2021-12-12T15:23:59 IST" name="validateKiteLogoTest" finished-at="2021-12-12T15:23:59 IST" duration-ms="54" status="PASS">
          <reporter-output>
          </reporter-output>
        </test-method> <!-- validateKiteLogoTest -->
        <test-method is-config="true" signature="tearDown()[pri:0, instance:com.kite.testcases.LoginPageTest@f0f2775]" started-at="2021-12-12T15:23:59 IST" name="tearDown" finished-at="2021-12-12T15:24:00 IST" duration-ms="1667" status="PASS">
          <reporter-output>
          </reporter-output>
        </test-method> <!-- tearDown -->
        <test-method is-config="true" signature="setup()[pri:0, instance:com.kite.testcases.LoginPageTest@f0f2775]" started-at="2021-12-12T15:24:00 IST" name="setup" finished-at="2021-12-12T15:24:07 IST" duration-ms="6701" status="PASS">
          <reporter-output>
          </reporter-output>
        </test-method> <!-- setup -->
        <test-method signature="loginTest()[pri:3, instance:com.kite.testcases.LoginPageTest@f0f2775]" started-at="2021-12-12T15:24:07 IST" name="loginTest" finished-at="2021-12-12T15:24:07 IST" duration-ms="241" status="PASS">
          <reporter-output>
          </reporter-output>
        </test-method> <!-- loginTest -->
        <test-method is-config="true" signature="tearDown()[pri:0, instance:com.kite.testcases.LoginPageTest@f0f2775]" started-at="2021-12-12T15:24:07 IST" name="tearDown" finished-at="2021-12-12T15:24:09 IST" duration-ms="1682" status="PASS">
          <reporter-output>
          </reporter-output>
        </test-method> <!-- tearDown -->
      </class> <!-- com.kite.testcases.LoginPageTest -->
    </test> <!-- Command line test -->
  </suite> <!-- com.kite.testcases.LoginPageTest -->
</testng-results>
