<?xml version="1.0" encoding="UTF-8"?>
<testng-results ignored="1" total="3" passed="2" failed="0" skipped="0">
  <reporter-output>
  </reporter-output>
  <suite started-at="2021-12-15T10:19:15 IST" name="Command line suite" finished-at="2021-12-15T10:19:26 IST" duration-ms="10891">
    <groups>
    </groups>
    <test started-at="2021-12-15T10:19:15 IST" name="Command line test" finished-at="2021-12-15T10:19:26 IST" duration-ms="10891">
      <class name="com.kite.testcases.LoginPageTest">
        <test-method is-config="true" signature="loadConfig()[pri:0, instance:com.kite.testcases.LoginPageTest@5a4aa2f2]" started-at="2021-12-15T10:19:15 IST" name="loadConfig" finished-at="2021-12-15T10:19:15 IST" duration-ms="16" status="PASS">
          <reporter-output>
          </reporter-output>
        </test-method> <!-- loadConfig -->
        <test-method is-config="true" signature="setup()[pri:0, instance:com.kite.testcases.LoginPageTest@5a4aa2f2]" started-at="2021-12-15T10:19:15 IST" name="setup" finished-at="2021-12-15T10:19:23 IST" duration-ms="7448" status="PASS">
          <reporter-output>
          </reporter-output>
        </test-method> <!-- setup -->
        <test-method signature="loginTest()[pri:1, instance:com.kite.testcases.LoginPageTest@5a4aa2f2]" started-at="2021-12-15T10:19:23 IST" name="loginTest" finished-at="2021-12-15T10:19:23 IST" duration-ms="289" status="PASS">
          <reporter-output>
          </reporter-output>
        </test-method> <!-- loginTest -->
        <test-method is-config="true" signature="tearDown()[pri:0, instance:com.kite.testcases.LoginPageTest@5a4aa2f2]" started-at="2021-12-15T10:19:23 IST" name="tearDown" finished-at="2021-12-15T10:19:23 IST" duration-ms="46" status="PASS">
          <reporter-output>
          </reporter-output>
        </test-method> <!-- tearDown -->
      </class> <!-- com.kite.testcases.LoginPageTest -->
      <class name="com.kite.testcases.PinPageTest">
        <test-method is-config="true" signature="setUp()[pri:0, instance:com.kite.testcases.PinPageTest@351d0846]" started-at="2021-12-15T10:19:23 IST" name="setUp" finished-at="2021-12-15T10:19:26 IST" duration-ms="2745" status="PASS">
          <reporter-output>
          </reporter-output>
        </test-method> <!-- setUp -->
        <test-method signature="pinEnterTest()[pri:0, instance:com.kite.testcases.PinPageTest@351d0846]" started-at="2021-12-15T10:19:26 IST" name="pinEnterTest" finished-at="2021-12-15T10:19:26 IST" duration-ms="302" status="PASS">
          <reporter-output>
          </reporter-output>
        </test-method> <!-- pinEnterTest -->
        <test-method is-config="true" signature="tearDown()[pri:0, instance:com.kite.testcases.PinPageTest@351d0846]" started-at="2021-12-15T10:19:26 IST" name="tearDown" finished-at="2021-12-15T10:19:26 IST" duration-ms="10" status="PASS">
          <reporter-output>
          </reporter-output>
        </test-method> <!-- tearDown -->
      </class> <!-- com.kite.testcases.PinPageTest -->
    </test> <!-- Command line test -->
  </suite> <!-- Command line suite -->
</testng-results>
