<?xml version="1.0" encoding="UTF-8" ?>
<testsuite tests="3" failures="1" name="TestSuite" time="0.577" errors="0" skipped="0">
  <properties>
[...]
</properties>
  <testcase classname="com.kite.testcases.CredentialsTest" name="logging" time="0.524"/>
  <testcase classname="com.kite.testcases.LoginPageTest" name="verifyTitle" time="0.018"/>
  <testcase classname="com.kite.testcases.LogPinPageTest" name="enterPin" time="0.035">
    <failure message="no such element: Unable to locate element: {&quot;method&quot;:&quot;css selector&quot;,&quot;selector&quot;:&quot;#pin&quot;}
  (Session info: chrome=96.0.4664.93)
For documentation on this error, please visit: https://selenium.dev/exceptions/#no_such_element
Build info: version: &apos;4.1.0&apos;, revision: &apos;87802e897b&apos;
System info: host: &apos;VISHNUEKKAR&apos;, ip: &apos;192.168.0.100&apos;, os.name: &apos;Windows 10&apos;, os.arch: &apos;amd64&apos;, os.version: &apos;10.0&apos;, java.version: &apos;17&apos;
Driver info: org.openqa.selenium.chrome.ChromeDriver
Command: [8a925166bb40daf4c62736b8deee19ae, findElement {using=id, value=pin}]
Capabilities {acceptInsecureCerts: false, browserName: chrome, browserVersion: 96.0.4664.93, chrome: {chromedriverVersion: 96.0.4664.45 (76e4c1bb2ab46..., userDataDir: C:\Users\admin\AppData\Loca...}, goog:chromeOptions: {debuggerAddress: localhost:52102}, javascriptEnabled: true, networkConnectionEnabled: false, pageLoadStrategy: normal, platform: WINDOWS, platformName: WINDOWS, proxy: Proxy(), se:cdp: ws://localhost:52102/devtoo..., se:cdpVersion: 96.0.4664.93, setWindowRect: true, strictFileInteractability: false, timeouts: {implicit: 0, pageLoad: 300000, script: 30000}, unhandledPromptBehavior: dismiss and notify, webauthn:extension:credBlob: true, webauthn:extension:largeBlob: true, webauthn:virtualAuthenticators: true}
Session ID: 8a925166bb40daf4c62736b8deee19ae" type="org.openqa.selenium.NoSuchElementException">org.openqa.selenium.NoSuchElementException: no such element: Unable to locate element: {&quot;method&quot;:&quot;css selector&quot;,&quot;selector&quot;:&quot;#pin&quot;}
  (Session info: chrome=96.0.4664.93)
For documentation on this error, please visit: https://selenium.dev/exceptions/#no_such_element
Build info: version: &apos;4.1.0&apos;, revision: &apos;87802e897b&apos;
System info: host: &apos;VISHNUEKKAR&apos;, ip: &apos;192.168.0.100&apos;, os.name: &apos;Windows 10&apos;, os.arch: &apos;amd64&apos;, os.version: &apos;10.0&apos;, java.version: &apos;17&apos;
Driver info: org.openqa.selenium.chrome.ChromeDriver
Command: [8a925166bb40daf4c62736b8deee19ae, findElement {using=id, value=pin}]
Capabilities {acceptInsecureCerts: false, browserName: chrome, browserVersion: 96.0.4664.93, chrome: {chromedriverVersion: 96.0.4664.45 (76e4c1bb2ab46..., userDataDir: C:\Users\admin\AppData\Loca...}, goog:chromeOptions: {debuggerAddress: localhost:52102}, javascriptEnabled: true, networkConnectionEnabled: false, pageLoadStrategy: normal, platform: WINDOWS, platformName: WINDOWS, proxy: Proxy(), se:cdp: ws://localhost:52102/devtoo..., se:cdpVersion: 96.0.4664.93, setWindowRect: true, strictFileInteractability: false, timeouts: {implicit: 0, pageLoad: 300000, script: 30000}, unhandledPromptBehavior: dismiss and notify, webauthn:extension:credBlob: true, webauthn:extension:largeBlob: true, webauthn:virtualAuthenticators: true}
Session ID: 8a925166bb40daf4c62736b8deee19ae
	at java.base/jdk.internal.reflect.NativeConstructorAccessorImpl.newInstance0(Native Method)
	at java.base/jdk.internal.reflect.NativeConstructorAccessorImpl.newInstance(NativeConstructorAccessorImpl.java:77)
	at java.base/jdk.internal.reflect.DelegatingConstructorAccessorImpl.newInstance(DelegatingConstructorAccessorImpl.java:45)
	at java.base/java.lang.reflect.Constructor.newInstanceWithCaller(Constructor.java:499)
	at java.base/java.lang.reflect.Constructor.newInstance(Constructor.java:480)
	at org.openqa.selenium.remote.codec.w3c.W3CHttpResponseCodec.createException(W3CHttpResponseCodec.java:200)
	at org.openqa.selenium.remote.codec.w3c.W3CHttpResponseCodec.decode(W3CHttpResponseCodec.java:133)
	at org.openqa.selenium.remote.codec.w3c.W3CHttpResponseCodec.decode(W3CHttpResponseCodec.java:53)
	at org.openqa.selenium.remote.HttpCommandExecutor.execute(HttpCommandExecutor.java:184)
	at org.openqa.selenium.remote.service.DriverCommandExecutor.invokeExecute(DriverCommandExecutor.java:164)
	at org.openqa.selenium.remote.service.DriverCommandExecutor.execute(DriverCommandExecutor.java:139)
	at org.openqa.selenium.remote.RemoteWebDriver.execute(RemoteWebDriver.java:559)
	at org.openqa.selenium.remote.ElementLocation$ElementFinder$2.findElement(ElementLocation.java:162)
	at org.openqa.selenium.remote.ElementLocation.findElement(ElementLocation.java:66)
	at org.openqa.selenium.remote.RemoteWebDriver.findElement(RemoteWebDriver.java:383)
	at org.openqa.selenium.remote.RemoteWebDriver.findElement(RemoteWebDriver.java:375)
	at org.openqa.selenium.support.pagefactory.DefaultElementLocator.findElement(DefaultElementLocator.java:70)
	at org.openqa.selenium.support.pagefactory.internal.LocatingElementHandler.invoke(LocatingElementHandler.java:39)
	at jdk.proxy2/jdk.proxy2.$Proxy17.clear(Unknown Source)
	at com.kite.pageobjects.LogpinPage.goToDash(LogpinPage.java:21)
	at com.kite.testcases.LogPinPageTest.enterPin(LogPinPageTest.java:23)
</failure>
    <system-err>Starting ChromeDriver 96.0.4664.45 (76e4c1bb2ab4671b8beba3444e61c0f17584b2fc-refs/branch-heads/4664@{#947}) on port 53765
Only local connections are allowed.
Please see https://chromedriver.chromium.org/security-considerations for suggestions on keeping ChromeDriver safe.
ChromeDriver was started successfully.
Dec 12, 2021 11:28:44 AM org.openqa.selenium.remote.ProtocolHandshake createSession
INFO: Detected dialect: W3C
Dec 12, 2021 11:28:44 AM org.openqa.selenium.devtools.CdpVersionFinder findNearestMatch
INFO: Found exact CDP implementation for version 96
</system-err>
  </testcase>
</testsuite>