<?xml version="1.0" encoding="UTF-8"?>
<testng-results ignored="0" total="3" passed="3" failed="0" skipped="0">
  <reporter-output>
  </reporter-output>
  <suite started-at="2021-12-12T15:21:10 IST" name="Default suite" finished-at="2021-12-12T15:21:48 IST" duration-ms="37595">
    <groups>
    </groups>
    <test started-at="2021-12-12T15:21:10 IST" name="Default test" finished-at="2021-12-12T15:21:48 IST" duration-ms="37595">
      <class name="com.kite.testcases.LoginPageTest">
        <test-method is-config="true" signature="loadConfig()[pri:0, instance:com.kite.testcases.LoginPageTest@2a798d51]" started-at="2021-12-12T15:21:10 IST" name="loadConfig" finished-at="2021-12-12T15:21:10 IST" duration-ms="8" status="PASS">
          <reporter-output>
          </reporter-output>
        </test-method> <!-- loadConfig -->
        <test-method is-config="true" signature="setup()[pri:0, instance:com.kite.testcases.LoginPageTest@2a798d51]" started-at="2021-12-12T15:21:10 IST" name="setup" finished-at="2021-12-12T15:21:26 IST" duration-ms="15414" status="PASS">
          <reporter-output>
          </reporter-output>
        </test-method> <!-- setup -->
        <test-method signature="validateLoginPageTitleTest()[pri:1, instance:com.kite.testcases.LoginPageTest@2a798d51]" started-at="2021-12-12T15:21:26 IST" name="validateLoginPageTitleTest" finished-at="2021-12-12T15:21:26 IST" duration-ms="119" status="PASS">
          <reporter-output>
          </reporter-output>
        </test-method> <!-- validateLoginPageTitleTest -->
        <test-method is-config="true" signature="tearDown()[pri:0, instance:com.kite.testcases.LoginPageTest@2a798d51]" started-at="2021-12-12T15:21:26 IST" name="tearDown" finished-at="2021-12-12T15:21:28 IST" duration-ms="2229" status="PASS">
          <reporter-output>
          </reporter-output>
        </test-method> <!-- tearDown -->
        <test-method is-config="true" signature="setup()[pri:0, instance:com.kite.testcases.LoginPageTest@2a798d51]" started-at="2021-12-12T15:21:28 IST" name="setup" finished-at="2021-12-12T15:21:37 IST" duration-ms="8595" status="PASS">
          <reporter-output>
          </reporter-output>
        </test-method> <!-- setup -->
        <test-method signature="validateKiteLogoTest()[pri:2, instance:com.kite.testcases.LoginPageTest@2a798d51]" started-at="2021-12-12T15:21:37 IST" name="validateKiteLogoTest" finished-at="2021-12-12T15:21:37 IST" duration-ms="217" status="PASS">
          <reporter-output>
          </reporter-output>
        </test-method> <!-- validateKiteLogoTest -->
        <test-method is-config="true" signature="tearDown()[pri:0, instance:com.kite.testcases.LoginPageTest@2a798d51]" started-at="2021-12-12T15:21:37 IST" name="tearDown" finished-at="2021-12-12T15:21:39 IST" duration-ms="1902" status="PASS">
          <reporter-output>
          </reporter-output>
        </test-method> <!-- tearDown -->
        <test-method is-config="true" signature="setup()[pri:0, instance:com.kite.testcases.LoginPageTest@2a798d51]" started-at="2021-12-12T15:21:39 IST" name="setup" finished-at="2021-12-12T15:21:46 IST" duration-ms="6938" status="PASS">
          <reporter-output>
          </reporter-output>
        </test-method> <!-- setup -->
        <test-method signature="loginTest()[pri:3, instance:com.kite.testcases.LoginPageTest@2a798d51]" started-at="2021-12-12T15:21:46 IST" name="loginTest" finished-at="2021-12-12T15:21:46 IST" duration-ms="571" status="PASS">
          <reporter-output>
          </reporter-output>
        </test-method> <!-- loginTest -->
        <test-method is-config="true" signature="tearDown()[pri:0, instance:com.kite.testcases.LoginPageTest@2a798d51]" started-at="2021-12-12T15:21:46 IST" name="tearDown" finished-at="2021-12-12T15:21:48 IST" duration-ms="1569" status="PASS">
          <reporter-output>
          </reporter-output>
        </test-method> <!-- tearDown -->
      </class> <!-- com.kite.testcases.LoginPageTest -->
    </test> <!-- Default test -->
  </suite> <!-- Default suite -->
</testng-results>
